<?xml version="1.0" encoding="UTF-8"?>
<!-- Generated by org.testng.reporters.JUnitReportReporter -->
<testsuite hostname="DESKTOP-K8U4OTN" failures="0" tests="1" name="String.ReversethewordsinString" time="0.015" errors="0" timestamp="2023-10-19T16:41:22 IST" skipped="0">
  <testcase classname="String.ReversethewordsinString" name="xcs" time="0.015"/>
  <system-out/>
</testsuite> <!-- String.ReversethewordsinString -->
