<?xml version="1.0" encoding="UTF-8"?>
<!-- Generated by org.testng.reporters.JUnitReportReporter -->
<testsuite hostname="DESKTOP-K8U4OTN" failures="0" tests="1" name="InterviewPrograms.countcharacters" time="0.013" errors="0" timestamp="2023-10-10T11:20:01 IST" skipped="0">
  <testcase classname="InterviewPrograms.countcharacters" name="abcd" time="0.013"/>
  <system-out/>
</testsuite> <!-- InterviewPrograms.countcharacters -->
