<?xml version="1.0" encoding="UTF-8"?>
<!-- Generated by org.testng.reporters.JUnitReportReporter -->
<testsuite hostname="DESKTOP-K8U4OTN" failures="0" tests="1" name="InterviewPrograms.P3" time="0.018" errors="0" timestamp="2023-09-07T22:00:31 IST" skipped="0">
  <testcase classname="InterviewPrograms.P3" name="removeduplicatewords" time="0.018"/>
  <system-out/>
</testsuite> <!-- InterviewPrograms.P3 -->
