<?xml version="1.0" encoding="UTF-8"?>
<!-- Generated by org.testng.reporters.JUnitReportReporter -->
<testsuite hostname="DESKTOP-K8U4OTN" failures="0" tests="1" name="InterviewPrograms.Array12" time="0.014" errors="0" timestamp="2023-10-18T12:09:31 IST" skipped="0">
  <testcase classname="InterviewPrograms.Array12" name="usdt" time="0.014"/>
  <system-out/>
</testsuite> <!-- InterviewPrograms.Array12 -->
