<?xml version="1.0" encoding="UTF-8"?>
<!-- Generated by org.testng.reporters.JUnitReportReporter -->
<testsuite hostname="DESKTOP-K8U4OTN" failures="0" tests="1" name="InterviewPrograms.DupliCharacterinString" time="0.015" errors="0" timestamp="2023-09-10T15:11:19 IST" skipped="0">
  <testcase classname="InterviewPrograms.DupliCharacterinString" name="DupCharsinSTringAscendingorder" time="0.015"/>
  <system-out/>
</testsuite> <!-- InterviewPrograms.DupliCharacterinString -->
