<?xml version="1.0" encoding="UTF-8"?>
<!-- Generated by org.testng.reporters.JUnitReportReporter -->
<testsuite hostname="DESKTOP-K8U4OTN" failures="0" tests="1" name="Patterns.Pattern14" time="0.018" errors="0" timestamp="2023-08-30T10:46:55 IST" skipped="0">
  <testcase classname="Patterns.Pattern14" name="pattern15" time="0.018"/>
  <system-out/>
</testsuite> <!-- Patterns.Pattern14 -->
