<?xml version="1.0" encoding="UTF-8"?>
<!-- Generated by org.testng.reporters.JUnitReportReporter -->
<testsuite hostname="DESKTOP-K8U4OTN" failures="0" tests="1" name="InterviewPrograms.P100" time="0.014" errors="0" timestamp="2023-10-06T15:28:37 IST" skipped="0">
  <testcase classname="InterviewPrograms.P100" name="removeDuplicatesin2Strings" time="0.014"/>
  <system-out/>
</testsuite> <!-- InterviewPrograms.P100 -->
