<?xml version="1.0" encoding="UTF-8"?>
<!-- Generated by org.testng.reporters.JUnitReportReporter -->
<testsuite hostname="DESKTOP-K8U4OTN" failures="0" tests="1" name="Collection.map" time="0.015" errors="0" timestamp="2023-10-19T13:24:33 IST" skipped="0">
  <testcase classname="Collection.map" name="hmasg" time="0.015"/>
  <system-out/>
</testsuite> <!-- Collection.map -->
