<?xml version="1.0" encoding="UTF-8"?>
<!-- Generated by org.testng.reporters.JUnitReportReporter -->
<testsuite hostname="DESKTOP-K8U4OTN" failures="0" tests="1" name="String.mock" time="0.014" errors="0" timestamp="2023-08-31T21:32:53 IST" skipped="0">
  <testcase classname="String.mock" name="character" time="0.014"/>
  <system-out/>
</testsuite> <!-- String.mock -->
