<?xml version="1.0" encoding="UTF-8"?>
<!-- Generated by org.testng.reporters.JUnitReportReporter -->
<testsuite hostname="DESKTOP-K8U4OTN" failures="0" tests="1" name="InterviewPrograms.rev" time="0.015" errors="0" timestamp="2023-10-31T15:00:23 IST" skipped="0">
  <testcase classname="InterviewPrograms.rev" name="rever" time="0.015"/>
  <system-out/>
</testsuite> <!-- InterviewPrograms.rev -->
