<?xml version="1.0" encoding="UTF-8"?>
<!-- Generated by org.testng.reporters.JUnitReportReporter -->
<testsuite hostname="DESKTOP-K8U4OTN" failures="0" tests="1" name="InterviewPrograms.S123" time="0.016" errors="0" timestamp="2023-10-10T21:48:40 IST" skipped="0">
  <testcase classname="InterviewPrograms.S123" name="countOfWords" time="0.016"/>
  <system-out/>
</testsuite> <!-- InterviewPrograms.S123 -->
