<?xml version="1.0" encoding="UTF-8"?>
<!-- Generated by org.testng.reporters.JUnitReportReporter -->
<testsuite hostname="DESKTOP-K8U4OTN" failures="0" tests="1" name="InterviewPrograms.P7" time="0.017" errors="0" timestamp="2023-09-07T20:58:08 IST" skipped="0">
  <testcase classname="InterviewPrograms.P7" name="occurenceofword" time="0.017"/>
  <system-out/>
</testsuite> <!-- InterviewPrograms.P7 -->
