<?xml version="1.0" encoding="UTF-8"?>
<!-- Generated by org.testng.reporters.JUnitReportReporter -->
<testsuite hostname="DESKTOP-K8U4OTN" failures="0" tests="1" name="Arrays.Additionoftwoarrays" time="0.021" errors="0" timestamp="2023-10-25T17:51:50 IST" skipped="0">
  <testcase classname="Arrays.Additionoftwoarrays" name="lk" time="0.021"/>
  <system-out/>
</testsuite> <!-- Arrays.Additionoftwoarrays -->
