<?xml version="1.0" encoding="UTF-8"?>
<!-- Generated by org.testng.reporters.JUnitReportReporter -->
<testsuite hostname="DESKTOP-K8U4OTN" failures="0" tests="1" name="String.removedupwithoutusingfor" time="0.016" errors="0" timestamp="2023-09-14T19:02:26 IST" skipped="0">
  <testcase classname="String.removedupwithoutusingfor" name="forloop" time="0.016"/>
  <system-out/>
</testsuite> <!-- String.removedupwithoutusingfor -->
