<?xml version="1.0" encoding="UTF-8"?>
<!-- Generated by org.testng.reporters.JUnitReportReporter -->
<testsuite hostname="DESKTOP-K8U4OTN" failures="0" tests="1" name="InterviewPrograms.P6" time="0.014" errors="0" timestamp="2023-09-11T15:40:43 IST" skipped="0">
  <testcase classname="InterviewPrograms.P6" name="reverseString" time="0.014"/>
  <system-out/>
</testsuite> <!-- InterviewPrograms.P6 -->
