<?xml version="1.0" encoding="UTF-8"?>
<!-- Generated by org.testng.reporters.JUnitReportReporter -->
<testsuite hostname="DESKTOP-K8U4OTN" failures="0" tests="1" name="InterviewPrograms.P8" time="0.031" errors="0" timestamp="2023-09-15T09:53:20 IST" skipped="0">
  <testcase classname="InterviewPrograms.P8" name="stringpgms" time="0.031"/>
  <system-out/>
</testsuite> <!-- InterviewPrograms.P8 -->
