<?xml version="1.0" encoding="UTF-8"?>
<!-- Generated by org.testng.reporters.JUnitReportReporter -->
<testsuite hostname="DESKTOP-K8U4OTN" failures="0" tests="1" name="String.String12" time="0.013" errors="0" timestamp="2023-09-27T15:49:21 IST" skipped="0">
  <testcase classname="String.String12" name="Sring" time="0.013"/>
  <system-out/>
</testsuite> <!-- String.String12 -->
