<?xml version="1.0" encoding="UTF-8"?>
<!-- Generated by org.testng.reporters.JUnitReportReporter -->
<testsuite hostname="DESKTOP-K8U4OTN" failures="0" tests="1" name="InterviewPrograms.Maxelementwithoutbubblesort" time="0.017" errors="0" timestamp="2023-09-08T09:41:40 IST" skipped="0">
  <testcase classname="InterviewPrograms.Maxelementwithoutbubblesort" name="first3minofsum" time="0.017"/>
  <system-out/>
</testsuite> <!-- InterviewPrograms.Maxelementwithoutbubblesort -->
