<?xml version="1.0" encoding="UTF-8"?>
<!-- Generated by org.testng.reporters.JUnitReportReporter -->
<testsuite hostname="DESKTOP-K8U4OTN" failures="0" tests="1" name="InterviewPrograms.String123" time="0.016" errors="0" timestamp="2023-10-06T16:07:03 IST" skipped="0">
  <testcase classname="InterviewPrograms.String123" name="a3" time="0.016"/>
  <system-out/>
</testsuite> <!-- InterviewPrograms.String123 -->
