<?xml version="1.0" encoding="UTF-8"?>
<!-- Generated by org.testng.reporters.JUnitReportReporter -->
<testsuite hostname="DESKTOP-K8U4OTN" failures="0" tests="1" name="InterviewPrograms.p90" time="0.019" errors="0" timestamp="2023-10-10T10:37:23 IST" skipped="0">
  <testcase classname="InterviewPrograms.p90" name="stringpgm" time="0.019"/>
  <system-out/>
</testsuite> <!-- InterviewPrograms.p90 -->
