<?xml version="1.0" encoding="UTF-8"?>
<!-- Generated by org.testng.reporters.JUnitReportReporter -->
<testsuite hostname="DESKTOP-K8U4OTN" failures="0" tests="1" name="InterviewPrograms.P4" time="0.016" errors="0" timestamp="2023-09-11T18:20:17 IST" skipped="0">
  <testcase classname="InterviewPrograms.P4" name="insertstringintoMidleofarray" time="0.016"/>
  <system-out/>
</testsuite> <!-- InterviewPrograms.P4 -->
