<?xml version="1.0" encoding="UTF-8"?>
<!-- Generated by org.testng.reporters.JUnitReportReporter -->
<testsuite hostname="DESKTOP-K8U4OTN" failures="0" tests="1" name="InterviewPrograms.printtonty" time="0.015" errors="0" timestamp="2023-09-21T22:52:52 IST" skipped="0">
  <testcase classname="InterviewPrograms.printtonty" name="pattern" time="0.015"/>
  <system-out/>
</testsuite> <!-- InterviewPrograms.printtonty -->
