<?xml version="1.0" encoding="UTF-8"?>
<!-- Generated by org.testng.reporters.JUnitReportReporter -->
<testsuite hostname="DESKTOP-K8U4OTN" failures="0" tests="1" name="InterviewPrograms.Make1stcapital" time="0.013" errors="0" timestamp="2023-10-10T10:39:40 IST" skipped="0">
  <testcase classname="InterviewPrograms.Make1stcapital" name="makecap" time="0.013"/>
  <system-out/>
</testsuite> <!-- InterviewPrograms.Make1stcapital -->
